<?xml version="1.0" encoding="UTF-8"?>
<!-- Generated by org.testng.reporters.JUnitReportReporter -->
<testsuite hostname="USER-20180817CM" name="com.sundaniu.Testcases.SeleniumLoginTest" tests="5" failures="0" timestamp="14 Jan 2019 08:43:39 GMT" time="3.374" errors="0">
  <testcase name="addTest" time="1.575" classname="com.sundaniu.Testcases.SeleniumLoginTest"/>
  <testcase name="delectTest" time="0.130" classname="com.sundaniu.Testcases.SeleniumLoginTest"/>
  <testcase name="editTest" time="0.898" classname="com.sundaniu.Testcases.SeleniumLoginTest"/>
  <testcase name="testLogin" time="0.371" classname="com.sundaniu.Testcases.SeleniumLoginTest"/>
  <testcase name="queryTest" time="0.400" classname="com.sundaniu.Testcases.SeleniumLoginTest"/>
</testsuite> <!-- com.sundaniu.Testcases.SeleniumLoginTest -->
